<?xml version="1.0" encoding="UTF-8"?>
<testsuite xmlns:xsi="http://www.w3.org/2001/XMLSchema-instance" xsi:noNamespaceSchemaLocation="https://maven.apache.org/surefire/maven-surefire-plugin/xsd/surefire-test-report.xsd" version="3.0.2" name="com.example.demo.controller.AktivnostControllerTest" time="29.563" tests="6" errors="0" skipped="0" failures="0">
  <properties>
    <property name="java.specification.version" value="17"/>
    <property name="sun.cpu.isalist" value="amd64"/>
    <property name="sun.jnu.encoding" value="Cp1252"/>
    <property name="java.class.path" value="C:\Users\Korisnik\Desktop\FITNESSIFY\fitnessify-backend\target\test-classes;C:\Users\Korisnik\Desktop\FITNESSIFY\fitnessify-backend\target\classes;C:\Users\Korisnik\.m2\repository\org\springframework\boot\spring-boot-starter-data-jpa\3.4.5\spring-boot-starter-data-jpa-3.4.5.jar;C:\Users\Korisnik\.m2\repository\org\springframework\boot\spring-boot-starter\3.4.5\spring-boot-starter-3.4.5.jar;C:\Users\Korisnik\.m2\repository\org\springframework\boot\spring-boot-starter-logging\3.4.5\spring-boot-starter-logging-3.4.5.jar;C:\Users\Korisnik\.m2\repository\ch\qos\logback\logback-classic\1.5.18\logback-classic-1.5.18.jar;C:\Users\Korisnik\.m2\repository\ch\qos\logback\logback-core\1.5.18\logback-core-1.5.18.jar;C:\Users\Korisnik\.m2\repository\org\apache\logging\log4j\log4j-to-slf4j\2.24.3\log4j-to-slf4j-2.24.3.jar;C:\Users\Korisnik\.m2\repository\org\apache\logging\log4j\log4j-api\2.24.3\log4j-api-2.24.3.jar;C:\Users\Korisnik\.m2\repository\org\slf4j\jul-to-slf4j\2.0.17\jul-to-slf4j-2.0.17.jar;C:\Users\Korisnik\.m2\repository\jakarta\annotation\jakarta.annotation-api\2.1.1\jakarta.annotation-api-2.1.1.jar;C:\Users\Korisnik\.m2\repository\org\yaml\snakeyaml\2.3\snakeyaml-2.3.jar;C:\Users\Korisnik\.m2\repository\org\springframework\boot\spring-boot-starter-jdbc\3.4.5\spring-boot-starter-jdbc-3.4.5.jar;C:\Users\Korisnik\.m2\repository\com\zaxxer\HikariCP\5.1.0\HikariCP-5.1.0.jar;C:\Users\Korisnik\.m2\repository\org\hibernate\orm\hibernate-core\6.6.13.Final\hibernate-core-6.6.13.Final.jar;C:\Users\Korisnik\.m2\repository\jakarta\persistence\jakarta.persistence-api\3.1.0\jakarta.persistence-api-3.1.0.jar;C:\Users\Korisnik\.m2\repository\jakarta\transaction\jakarta.transaction-api\2.0.1\jakarta.transaction-api-2.0.1.jar;C:\Users\Korisnik\.m2\repository\org\jboss\logging\jboss-logging\3.6.1.Final\jboss-logging-3.6.1.Final.jar;C:\Users\Korisnik\.m2\repository\org\hibernate\common\hibernate-commons-annotations\7.0.3.Final\hibernate-commons-annotations-7.0.3.Final.jar;C:\Users\Korisnik\.m2\repository\io\smallrye\jandex\3.2.0\jandex-3.2.0.jar;C:\Users\Korisnik\.m2\repository\com\fasterxml\classmate\1.7.0\classmate-1.7.0.jar;C:\Users\Korisnik\.m2\repository\net\bytebuddy\byte-buddy\1.15.11\byte-buddy-1.15.11.jar;C:\Users\Korisnik\.m2\repository\org\glassfish\jaxb\jaxb-runtime\4.0.5\jaxb-runtime-4.0.5.jar;C:\Users\Korisnik\.m2\repository\org\glassfish\jaxb\jaxb-core\4.0.5\jaxb-core-4.0.5.jar;C:\Users\Korisnik\.m2\repository\org\glassfish\jaxb\txw2\4.0.5\txw2-4.0.5.jar;C:\Users\Korisnik\.m2\repository\com\sun\istack\istack-commons-runtime\4.1.2\istack-commons-runtime-4.1.2.jar;C:\Users\Korisnik\.m2\repository\jakarta\inject\jakarta.inject-api\2.0.1\jakarta.inject-api-2.0.1.jar;C:\Users\Korisnik\.m2\repository\org\antlr\antlr4-runtime\4.13.0\antlr4-runtime-4.13.0.jar;C:\Users\Korisnik\.m2\repository\org\springframework\data\spring-data-jpa\3.4.5\spring-data-jpa-3.4.5.jar;C:\Users\Korisnik\.m2\repository\org\springframework\data\spring-data-commons\3.4.5\spring-data-commons-3.4.5.jar;C:\Users\Korisnik\.m2\repository\org\springframework\spring-beans\6.2.6\spring-beans-6.2.6.jar;C:\Users\Korisnik\.m2\repository\org\springframework\spring-aspects\6.2.6\spring-aspects-6.2.6.jar;C:\Users\Korisnik\.m2\repository\org\aspectj\aspectjweaver\1.9.24\aspectjweaver-1.9.24.jar;C:\Users\Korisnik\.m2\repository\org\camunda\bpm\springboot\camunda-bpm-spring-boot-starter-webapp\7.23.0\camunda-bpm-spring-boot-starter-webapp-7.23.0.jar;C:\Users\Korisnik\.m2\repository\org\camunda\bpm\springboot\camunda-bpm-spring-boot-starter-webapp-core\7.23.0\camunda-bpm-spring-boot-starter-webapp-core-7.23.0.jar;C:\Users\Korisnik\.m2\repository\org\camunda\bpm\webapp\camunda-webapp-jakarta\7.23.0\camunda-webapp-jakarta-7.23.0-classes.jar;C:\Users\Korisnik\.m2\repository\org\camunda\commons\camunda-commons-logging\7.23.0\camunda-commons-logging-7.23.0.jar;C:\Users\Korisnik\.m2\repository\org\camunda\bpm\webapp\camunda-webapp-webjar\7.23.0\camunda-webapp-webjar-7.23.0.jar;C:\Users\Korisnik\.m2\repository\org\camunda\bpm\springboot\camunda-bpm-spring-boot-starter\7.23.0\camunda-bpm-spring-boot-starter-7.23.0.jar;C:\Users\Korisnik\.m2\repository\org\camunda\bpm\camunda-engine-spring-6\7.23.0\camunda-engine-spring-6-7.23.0.jar;C:\Users\Korisnik\.m2\repository\org\camunda\bpm\camunda-engine\7.23.0\camunda-engine-7.23.0.jar;C:\Users\Korisnik\.m2\repository\org\camunda\bpm\model\camunda-bpmn-model\7.23.0\camunda-bpmn-model-7.23.0.jar;C:\Users\Korisnik\.m2\repository\org\camunda\bpm\model\camunda-xml-model\7.23.0\camunda-xml-model-7.23.0.jar;C:\Users\Korisnik\.m2\repository\org\camunda\bpm\model\camunda-cmmn-model\7.23.0\camunda-cmmn-model-7.23.0.jar;C:\Users\Korisnik\.m2\repository\org\camunda\bpm\juel\camunda-juel\7.23.0\camunda-juel-7.23.0.jar;C:\Users\Korisnik\.m2\repository\org\camunda\bpm\dmn\camunda-engine-dmn\7.23.0\camunda-engine-dmn-7.23.0.jar;C:\Users\Korisnik\.m2\repository\org\camunda\commons\camunda-commons-utils\7.23.0\camunda-commons-utils-7.23.0.jar;C:\Users\Korisnik\.m2\repository\org\camunda\bpm\model\camunda-dmn-model\7.23.0\camunda-dmn-model-7.23.0.jar;C:\Users\Korisnik\.m2\repository\org\camunda\bpm\dmn\camunda-engine-feel-api\7.23.0\camunda-engine-feel-api-7.23.0.jar;C:\Users\Korisnik\.m2\repository\org\camunda\bpm\dmn\camunda-engine-feel-juel\7.23.0\camunda-engine-feel-juel-7.23.0.jar;C:\Users\Korisnik\.m2\repository\org\camunda\bpm\dmn\camunda-engine-feel-scala\7.23.0\camunda-engine-feel-scala-7.23.0.jar;C:\Users\Korisnik\.m2\repository\org\camunda\feel\feel-engine\1.19.1\feel-engine-1.19.1-scala-shaded.jar;C:\Users\Korisnik\.m2\repository\org\camunda\commons\camunda-commons-typed-values\7.23.0\camunda-commons-typed-values-7.23.0.jar;C:\Users\Korisnik\.m2\repository\org\mybatis\mybatis\3.5.15\mybatis-3.5.15.jar;C:\Users\Korisnik\.m2\repository\joda-time\joda-time\2.12.5\joda-time-2.12.5.jar;C:\Users\Korisnik\.m2\repository\org\springframework\spring-context\6.2.6\spring-context-6.2.6.jar;C:\Users\Korisnik\.m2\repository\org\springframework\spring-expression\6.2.6\spring-expression-6.2.6.jar;C:\Users\Korisnik\.m2\repository\io\micrometer\micrometer-observation\1.14.6\micrometer-observation-1.14.6.jar;C:\Users\Korisnik\.m2\repository\io\micrometer\micrometer-commons\1.14.6\micrometer-commons-1.14.6.jar;C:\Users\Korisnik\.m2\repository\org\springframework\spring-jdbc\6.2.6\spring-jdbc-6.2.6.jar;C:\Users\Korisnik\.m2\repository\org\springframework\spring-tx\6.2.6\spring-tx-6.2.6.jar;C:\Users\Korisnik\.m2\repository\org\springframework\spring-orm\6.2.6\spring-orm-6.2.6.jar;C:\Users\Korisnik\.m2\repository\org\springframework\boot\spring-boot-autoconfigure\3.4.5\spring-boot-autoconfigure-3.4.5.jar;C:\Users\Korisnik\.m2\repository\org\apache\commons\commons-lang3\3.17.0\commons-lang3-3.17.0.jar;C:\Users\Korisnik\.m2\repository\com\fasterxml\uuid\java-uuid-generator\4.3.0\java-uuid-generator-4.3.0.jar;C:\Users\Korisnik\.m2\repository\com\sun\xml\bind\jaxb-impl\4.0.5\jaxb-impl-4.0.5.jar;C:\Users\Korisnik\.m2\repository\com\sun\xml\bind\jaxb-core\4.0.5\jaxb-core-4.0.5.jar;C:\Users\Korisnik\.m2\repository\org\eclipse\angus\angus-activation\2.0.2\angus-activation-2.0.2.jar;C:\Users\Korisnik\.m2\repository\org\camunda\bpm\springboot\camunda-bpm-spring-boot-starter-rest\7.23.0\camunda-bpm-spring-boot-starter-rest-7.23.0.jar;C:\Users\Korisnik\.m2\repository\org\camunda\bpm\camunda-engine-rest-core-jakarta\7.23.0\camunda-engine-rest-core-jakarta-7.23.0.jar;C:\Users\Korisnik\.m2\repository\commons-fileupload\commons-fileupload\1.5\commons-fileupload-1.5.jar;C:\Users\Korisnik\.m2\repository\commons-io\commons-io\2.17.0\commons-io-2.17.0.jar;C:\Users\Korisnik\.m2\repository\com\fasterxml\jackson\jakarta\rs\jackson-jakarta-rs-json-provider\2.18.3\jackson-jakarta-rs-json-provider-2.18.3.jar;C:\Users\Korisnik\.m2\repository\com\fasterxml\jackson\jakarta\rs\jackson-jakarta-rs-base\2.18.3\jackson-jakarta-rs-base-2.18.3.jar;C:\Users\Korisnik\.m2\repository\com\fasterxml\jackson\module\jackson-module-jakarta-xmlbind-annotations\2.18.3\jackson-module-jakarta-xmlbind-annotations-2.18.3.jar;C:\Users\Korisnik\.m2\repository\com\fasterxml\jackson\datatype\jackson-datatype-jsr310\2.18.3\jackson-datatype-jsr310-2.18.3.jar;C:\Users\Korisnik\.m2\repository\org\springframework\boot\spring-boot-starter-jersey\3.4.5\spring-boot-starter-jersey-3.4.5.jar;C:\Users\Korisnik\.m2\repository\org\springframework\boot\spring-boot-starter-validation\3.4.5\spring-boot-starter-validation-3.4.5.jar;C:\Users\Korisnik\.m2\repository\org\hibernate\validator\hibernate-validator\8.0.2.Final\hibernate-validator-8.0.2.Final.jar;C:\Users\Korisnik\.m2\repository\org\glassfish\jersey\containers\jersey-container-servlet-core\3.1.10\jersey-container-servlet-core-3.1.10.jar;C:\Users\Korisnik\.m2\repository\org\glassfish\jersey\core\jersey-common\3.1.10\jersey-common-3.1.10.jar;C:\Users\Korisnik\.m2\repository\org\glassfish\hk2\osgi-resource-locator\1.0.3\osgi-resource-locator-1.0.3.jar;C:\Users\Korisnik\.m2\repository\jakarta\ws\rs\jakarta.ws.rs-api\3.1.0\jakarta.ws.rs-api-3.1.0.jar;C:\Users\Korisnik\.m2\repository\org\glassfish\jersey\containers\jersey-container-servlet\3.1.10\jersey-container-servlet-3.1.10.jar;C:\Users\Korisnik\.m2\repository\org\glassfish\jersey\core\jersey-server\3.1.10\jersey-server-3.1.10.jar;C:\Users\Korisnik\.m2\repository\org\glassfish\jersey\core\jersey-client\3.1.10\jersey-client-3.1.10.jar;C:\Users\Korisnik\.m2\repository\jakarta\validation\jakarta.validation-api\3.0.2\jakarta.validation-api-3.0.2.jar;C:\Users\Korisnik\.m2\repository\org\glassfish\jersey\ext\jersey-bean-validation\3.1.10\jersey-bean-validation-3.1.10.jar;C:\Users\Korisnik\.m2\repository\org\glassfish\expressly\expressly\5.0.0\expressly-5.0.0.jar;C:\Users\Korisnik\.m2\repository\org\glassfish\jersey\ext\jersey-spring6\3.1.10\jersey-spring6-3.1.10.jar;C:\Users\Korisnik\.m2\repository\org\glassfish\jersey\inject\jersey-hk2\3.1.10\jersey-hk2-3.1.10.jar;C:\Users\Korisnik\.m2\repository\org\glassfish\hk2\hk2-locator\3.0.6\hk2-locator-3.0.6.jar;C:\Users\Korisnik\.m2\repository\org\glassfish\hk2\external\aopalliance-repackaged\3.0.6\aopalliance-repackaged-3.0.6.jar;C:\Users\Korisnik\.m2\repository\org\javassist\javassist\3.30.2-GA\javassist-3.30.2-GA.jar;C:\Users\Korisnik\.m2\repository\org\glassfish\hk2\hk2\3.0.6\hk2-3.0.6.jar;C:\Users\Korisnik\.m2\repository\org\glassfish\hk2\hk2-utils\3.0.6\hk2-utils-3.0.6.jar;C:\Users\Korisnik\.m2\repository\org\glassfish\hk2\hk2-api\3.0.6\hk2-api-3.0.6.jar;C:\Users\Korisnik\.m2\repository\org\glassfish\hk2\hk2-core\3.0.6\hk2-core-3.0.6.jar;C:\Users\Korisnik\.m2\repository\org\glassfish\hk2\hk2-runlevel\3.0.6\hk2-runlevel-3.0.6.jar;C:\Users\Korisnik\.m2\repository\org\glassfish\hk2\class-model\3.0.6\class-model-3.0.6.jar;C:\Users\Korisnik\.m2\repository\org\ow2\asm\asm-commons\9.6\asm-commons-9.6.jar;C:\Users\Korisnik\.m2\repository\org\glassfish\hk2\spring-bridge\3.0.6\spring-bridge-3.0.6.jar;C:\Users\Korisnik\.m2\repository\org\glassfish\jersey\media\jersey-media-json-jackson\3.1.10\jersey-media-json-jackson-3.1.10.jar;C:\Users\Korisnik\.m2\repository\org\glassfish\jersey\ext\jersey-entity-filtering\3.1.10\jersey-entity-filtering-3.1.10.jar;C:\Users\Korisnik\.m2\repository\io\jsonwebtoken\jjwt-api\0.12.5\jjwt-api-0.12.5.jar;C:\Users\Korisnik\.m2\repository\io\jsonwebtoken\jjwt-impl\0.12.5\jjwt-impl-0.12.5.jar;C:\Users\Korisnik\.m2\repository\io\jsonwebtoken\jjwt-jackson\0.12.5\jjwt-jackson-0.12.5.jar;C:\Users\Korisnik\.m2\repository\com\fasterxml\jackson\core\jackson-databind\2.18.3\jackson-databind-2.18.3.jar;C:\Users\Korisnik\.m2\repository\com\fasterxml\jackson\core\jackson-annotations\2.18.3\jackson-annotations-2.18.3.jar;C:\Users\Korisnik\.m2\repository\com\fasterxml\jackson\core\jackson-core\2.18.3\jackson-core-2.18.3.jar;C:\Users\Korisnik\.m2\repository\org\springframework\boot\spring-boot-starter-security\3.4.5\spring-boot-starter-security-3.4.5.jar;C:\Users\Korisnik\.m2\repository\org\springframework\spring-aop\6.2.6\spring-aop-6.2.6.jar;C:\Users\Korisnik\.m2\repository\org\springframework\security\spring-security-config\6.4.5\spring-security-config-6.4.5.jar;C:\Users\Korisnik\.m2\repository\org\springframework\security\spring-security-core\6.4.5\spring-security-core-6.4.5.jar;C:\Users\Korisnik\.m2\repository\org\springframework\security\spring-security-crypto\6.4.5\spring-security-crypto-6.4.5.jar;C:\Users\Korisnik\.m2\repository\org\springframework\security\spring-security-web\6.4.5\spring-security-web-6.4.5.jar;C:\Users\Korisnik\.m2\repository\org\springframework\boot\spring-boot-starter-web\3.4.5\spring-boot-starter-web-3.4.5.jar;C:\Users\Korisnik\.m2\repository\org\springframework\boot\spring-boot-starter-json\3.4.5\spring-boot-starter-json-3.4.5.jar;C:\Users\Korisnik\.m2\repository\com\fasterxml\jackson\datatype\jackson-datatype-jdk8\2.18.3\jackson-datatype-jdk8-2.18.3.jar;C:\Users\Korisnik\.m2\repository\com\fasterxml\jackson\module\jackson-module-parameter-names\2.18.3\jackson-module-parameter-names-2.18.3.jar;C:\Users\Korisnik\.m2\repository\org\springframework\boot\spring-boot-starter-tomcat\3.4.5\spring-boot-starter-tomcat-3.4.5.jar;C:\Users\Korisnik\.m2\repository\org\apache\tomcat\embed\tomcat-embed-core\10.1.40\tomcat-embed-core-10.1.40.jar;C:\Users\Korisnik\.m2\repository\org\apache\tomcat\embed\tomcat-embed-el\10.1.40\tomcat-embed-el-10.1.40.jar;C:\Users\Korisnik\.m2\repository\org\apache\tomcat\embed\tomcat-embed-websocket\10.1.40\tomcat-embed-websocket-10.1.40.jar;C:\Users\Korisnik\.m2\repository\org\springframework\spring-web\6.2.6\spring-web-6.2.6.jar;C:\Users\Korisnik\.m2\repository\org\springframework\spring-webmvc\6.2.6\spring-webmvc-6.2.6.jar;C:\Users\Korisnik\.m2\repository\org\projectlombok\lombok\1.18.38\lombok-1.18.38.jar;C:\Users\Korisnik\.m2\repository\org\springframework\boot\spring-boot-devtools\3.4.5\spring-boot-devtools-3.4.5.jar;C:\Users\Korisnik\.m2\repository\org\springframework\boot\spring-boot\3.4.5\spring-boot-3.4.5.jar;C:\Users\Korisnik\.m2\repository\org\postgresql\postgresql\42.7.5\postgresql-42.7.5.jar;C:\Users\Korisnik\.m2\repository\org\checkerframework\checker-qual\3.48.3\checker-qual-3.48.3.jar;C:\Users\Korisnik\.m2\repository\org\springframework\boot\spring-boot-starter-test\3.4.5\spring-boot-starter-test-3.4.5.jar;C:\Users\Korisnik\.m2\repository\org\springframework\boot\spring-boot-test\3.4.5\spring-boot-test-3.4.5.jar;C:\Users\Korisnik\.m2\repository\org\springframework\boot\spring-boot-test-autoconfigure\3.4.5\spring-boot-test-autoconfigure-3.4.5.jar;C:\Users\Korisnik\.m2\repository\jakarta\xml\bind\jakarta.xml.bind-api\4.0.2\jakarta.xml.bind-api-4.0.2.jar;C:\Users\Korisnik\.m2\repository\jakarta\activation\jakarta.activation-api\2.1.3\jakarta.activation-api-2.1.3.jar;C:\Users\Korisnik\.m2\repository\net\minidev\json-smart\2.5.2\json-smart-2.5.2.jar;C:\Users\Korisnik\.m2\repository\net\minidev\accessors-smart\2.5.2\accessors-smart-2.5.2.jar;C:\Users\Korisnik\.m2\repository\org\ow2\asm\asm\9.7.1\asm-9.7.1.jar;C:\Users\Korisnik\.m2\repository\org\assertj\assertj-core\3.26.3\assertj-core-3.26.3.jar;C:\Users\Korisnik\.m2\repository\org\awaitility\awaitility\4.2.2\awaitility-4.2.2.jar;C:\Users\Korisnik\.m2\repository\org\hamcrest\hamcrest\2.2\hamcrest-2.2.jar;C:\Users\Korisnik\.m2\repository\org\junit\jupiter\junit-jupiter\5.11.4\junit-jupiter-5.11.4.jar;C:\Users\Korisnik\.m2\repository\org\junit\jupiter\junit-jupiter-api\5.11.4\junit-jupiter-api-5.11.4.jar;C:\Users\Korisnik\.m2\repository\org\opentest4j\opentest4j\1.3.0\opentest4j-1.3.0.jar;C:\Users\Korisnik\.m2\repository\org\junit\platform\junit-platform-commons\1.11.4\junit-platform-commons-1.11.4.jar;C:\Users\Korisnik\.m2\repository\org\apiguardian\apiguardian-api\1.1.2\apiguardian-api-1.1.2.jar;C:\Users\Korisnik\.m2\repository\org\junit\jupiter\junit-jupiter-params\5.11.4\junit-jupiter-params-5.11.4.jar;C:\Users\Korisnik\.m2\repository\org\junit\jupiter\junit-jupiter-engine\5.11.4\junit-jupiter-engine-5.11.4.jar;C:\Users\Korisnik\.m2\repository\org\junit\platform\junit-platform-engine\1.11.4\junit-platform-engine-1.11.4.jar;C:\Users\Korisnik\.m2\repository\org\mockito\mockito-core\5.14.2\mockito-core-5.14.2.jar;C:\Users\Korisnik\.m2\repository\net\bytebuddy\byte-buddy-agent\1.15.11\byte-buddy-agent-1.15.11.jar;C:\Users\Korisnik\.m2\repository\org\objenesis\objenesis\3.3\objenesis-3.3.jar;C:\Users\Korisnik\.m2\repository\org\mockito\mockito-junit-jupiter\5.14.2\mockito-junit-jupiter-5.14.2.jar;C:\Users\Korisnik\.m2\repository\org\skyscreamer\jsonassert\1.5.3\jsonassert-1.5.3.jar;C:\Users\Korisnik\.m2\repository\com\vaadin\external\google\android-json\0.0.20131108.vaadin1\android-json-0.0.20131108.vaadin1.jar;C:\Users\Korisnik\.m2\repository\org\springframework\spring-core\6.2.6\spring-core-6.2.6.jar;C:\Users\Korisnik\.m2\repository\org\springframework\spring-jcl\6.2.6\spring-jcl-6.2.6.jar;C:\Users\Korisnik\.m2\repository\org\springframework\spring-test\6.2.6\spring-test-6.2.6.jar;C:\Users\Korisnik\.m2\repository\org\xmlunit\xmlunit-core\2.10.0\xmlunit-core-2.10.0.jar;C:\Users\Korisnik\.m2\repository\com\h2database\h2\2.3.232\h2-2.3.232.jar;C:\Users\Korisnik\.m2\repository\com\jayway\jsonpath\json-path\2.9.0\json-path-2.9.0.jar;C:\Users\Korisnik\.m2\repository\org\slf4j\slf4j-api\2.0.17\slf4j-api-2.0.17.jar;"/>
    <property name="java.vm.vendor" value="Eclipse Adoptium"/>
    <property name="sun.arch.data.model" value="64"/>
    <property name="user.variant" value=""/>
    <property name="java.vendor.url" value="https://adoptium.net/"/>
    <property name="user.timezone" value="Europe/Zagreb"/>
    <property name="org.jboss.logging.provider" value="slf4j"/>
    <property name="os.name" value="Windows 10"/>
    <property name="java.vm.specification.version" value="17"/>
    <property name="APPLICATION_NAME" value="demo"/>
    <property name="sun.java.launcher" value="SUN_STANDARD"/>
    <property name="user.country" value="HR"/>
    <property name="sun.boot.library.path" value="C:\Program Files\Eclipse Adoptium\jdk-17.0.14.7-hotspot\bin"/>
    <property name="sun.java.command" value="C:\Users\Korisnik\AppData\Local\Temp\surefire16432920435306920461\surefirebooter-20250615220740830_3.jar C:\Users\Korisnik\AppData\Local\Temp\surefire16432920435306920461 2025-06-15T22-07-40_380-jvmRun1 surefire-20250615220740830_1tmp surefire_0-20250615220740830_2tmp"/>
    <property name="jdk.debug" value="release"/>
    <property name="surefire.test.class.path" value="C:\Users\Korisnik\Desktop\FITNESSIFY\fitnessify-backend\target\test-classes;C:\Users\Korisnik\Desktop\FITNESSIFY\fitnessify-backend\target\classes;C:\Users\Korisnik\.m2\repository\org\springframework\boot\spring-boot-starter-data-jpa\3.4.5\spring-boot-starter-data-jpa-3.4.5.jar;C:\Users\Korisnik\.m2\repository\org\springframework\boot\spring-boot-starter\3.4.5\spring-boot-starter-3.4.5.jar;C:\Users\Korisnik\.m2\repository\org\springframework\boot\spring-boot-starter-logging\3.4.5\spring-boot-starter-logging-3.4.5.jar;C:\Users\Korisnik\.m2\repository\ch\qos\logback\logback-classic\1.5.18\logback-classic-1.5.18.jar;C:\Users\Korisnik\.m2\repository\ch\qos\logback\logback-core\1.5.18\logback-core-1.5.18.jar;C:\Users\Korisnik\.m2\repository\org\apache\logging\log4j\log4j-to-slf4j\2.24.3\log4j-to-slf4j-2.24.3.jar;C:\Users\Korisnik\.m2\repository\org\apache\logging\log4j\log4j-api\2.24.3\log4j-api-2.24.3.jar;C:\Users\Korisnik\.m2\repository\org\slf4j\jul-to-slf4j\2.0.17\jul-to-slf4j-2.0.17.jar;C:\Users\Korisnik\.m2\repository\jakarta\annotation\jakarta.annotation-api\2.1.1\jakarta.annotation-api-2.1.1.jar;C:\Users\Korisnik\.m2\repository\org\yaml\snakeyaml\2.3\snakeyaml-2.3.jar;C:\Users\Korisnik\.m2\repository\org\springframework\boot\spring-boot-starter-jdbc\3.4.5\spring-boot-starter-jdbc-3.4.5.jar;C:\Users\Korisnik\.m2\repository\com\zaxxer\HikariCP\5.1.0\HikariCP-5.1.0.jar;C:\Users\Korisnik\.m2\repository\org\hibernate\orm\hibernate-core\6.6.13.Final\hibernate-core-6.6.13.Final.jar;C:\Users\Korisnik\.m2\repository\jakarta\persistence\jakarta.persistence-api\3.1.0\jakarta.persistence-api-3.1.0.jar;C:\Users\Korisnik\.m2\repository\jakarta\transaction\jakarta.transaction-api\2.0.1\jakarta.transaction-api-2.0.1.jar;C:\Users\Korisnik\.m2\repository\org\jboss\logging\jboss-logging\3.6.1.Final\jboss-logging-3.6.1.Final.jar;C:\Users\Korisnik\.m2\repository\org\hibernate\common\hibernate-commons-annotations\7.0.3.Final\hibernate-commons-annotations-7.0.3.Final.jar;C:\Users\Korisnik\.m2\repository\io\smallrye\jandex\3.2.0\jandex-3.2.0.jar;C:\Users\Korisnik\.m2\repository\com\fasterxml\classmate\1.7.0\classmate-1.7.0.jar;C:\Users\Korisnik\.m2\repository\net\bytebuddy\byte-buddy\1.15.11\byte-buddy-1.15.11.jar;C:\Users\Korisnik\.m2\repository\org\glassfish\jaxb\jaxb-runtime\4.0.5\jaxb-runtime-4.0.5.jar;C:\Users\Korisnik\.m2\repository\org\glassfish\jaxb\jaxb-core\4.0.5\jaxb-core-4.0.5.jar;C:\Users\Korisnik\.m2\repository\org\glassfish\jaxb\txw2\4.0.5\txw2-4.0.5.jar;C:\Users\Korisnik\.m2\repository\com\sun\istack\istack-commons-runtime\4.1.2\istack-commons-runtime-4.1.2.jar;C:\Users\Korisnik\.m2\repository\jakarta\inject\jakarta.inject-api\2.0.1\jakarta.inject-api-2.0.1.jar;C:\Users\Korisnik\.m2\repository\org\antlr\antlr4-runtime\4.13.0\antlr4-runtime-4.13.0.jar;C:\Users\Korisnik\.m2\repository\org\springframework\data\spring-data-jpa\3.4.5\spring-data-jpa-3.4.5.jar;C:\Users\Korisnik\.m2\repository\org\springframework\data\spring-data-commons\3.4.5\spring-data-commons-3.4.5.jar;C:\Users\Korisnik\.m2\repository\org\springframework\spring-beans\6.2.6\spring-beans-6.2.6.jar;C:\Users\Korisnik\.m2\repository\org\springframework\spring-aspects\6.2.6\spring-aspects-6.2.6.jar;C:\Users\Korisnik\.m2\repository\org\aspectj\aspectjweaver\1.9.24\aspectjweaver-1.9.24.jar;C:\Users\Korisnik\.m2\repository\org\camunda\bpm\springboot\camunda-bpm-spring-boot-starter-webapp\7.23.0\camunda-bpm-spring-boot-starter-webapp-7.23.0.jar;C:\Users\Korisnik\.m2\repository\org\camunda\bpm\springboot\camunda-bpm-spring-boot-starter-webapp-core\7.23.0\camunda-bpm-spring-boot-starter-webapp-core-7.23.0.jar;C:\Users\Korisnik\.m2\repository\org\camunda\bpm\webapp\camunda-webapp-jakarta\7.23.0\camunda-webapp-jakarta-7.23.0-classes.jar;C:\Users\Korisnik\.m2\repository\org\camunda\commons\camunda-commons-logging\7.23.0\camunda-commons-logging-7.23.0.jar;C:\Users\Korisnik\.m2\repository\org\camunda\bpm\webapp\camunda-webapp-webjar\7.23.0\camunda-webapp-webjar-7.23.0.jar;C:\Users\Korisnik\.m2\repository\org\camunda\bpm\springboot\camunda-bpm-spring-boot-starter\7.23.0\camunda-bpm-spring-boot-starter-7.23.0.jar;C:\Users\Korisnik\.m2\repository\org\camunda\bpm\camunda-engine-spring-6\7.23.0\camunda-engine-spring-6-7.23.0.jar;C:\Users\Korisnik\.m2\repository\org\camunda\bpm\camunda-engine\7.23.0\camunda-engine-7.23.0.jar;C:\Users\Korisnik\.m2\repository\org\camunda\bpm\model\camunda-bpmn-model\7.23.0\camunda-bpmn-model-7.23.0.jar;C:\Users\Korisnik\.m2\repository\org\camunda\bpm\model\camunda-xml-model\7.23.0\camunda-xml-model-7.23.0.jar;C:\Users\Korisnik\.m2\repository\org\camunda\bpm\model\camunda-cmmn-model\7.23.0\camunda-cmmn-model-7.23.0.jar;C:\Users\Korisnik\.m2\repository\org\camunda\bpm\juel\camunda-juel\7.23.0\camunda-juel-7.23.0.jar;C:\Users\Korisnik\.m2\repository\org\camunda\bpm\dmn\camunda-engine-dmn\7.23.0\camunda-engine-dmn-7.23.0.jar;C:\Users\Korisnik\.m2\repository\org\camunda\commons\camunda-commons-utils\7.23.0\camunda-commons-utils-7.23.0.jar;C:\Users\Korisnik\.m2\repository\org\camunda\bpm\model\camunda-dmn-model\7.23.0\camunda-dmn-model-7.23.0.jar;C:\Users\Korisnik\.m2\repository\org\camunda\bpm\dmn\camunda-engine-feel-api\7.23.0\camunda-engine-feel-api-7.23.0.jar;C:\Users\Korisnik\.m2\repository\org\camunda\bpm\dmn\camunda-engine-feel-juel\7.23.0\camunda-engine-feel-juel-7.23.0.jar;C:\Users\Korisnik\.m2\repository\org\camunda\bpm\dmn\camunda-engine-feel-scala\7.23.0\camunda-engine-feel-scala-7.23.0.jar;C:\Users\Korisnik\.m2\repository\org\camunda\feel\feel-engine\1.19.1\feel-engine-1.19.1-scala-shaded.jar;C:\Users\Korisnik\.m2\repository\org\camunda\commons\camunda-commons-typed-values\7.23.0\camunda-commons-typed-values-7.23.0.jar;C:\Users\Korisnik\.m2\repository\org\mybatis\mybatis\3.5.15\mybatis-3.5.15.jar;C:\Users\Korisnik\.m2\repository\joda-time\joda-time\2.12.5\joda-time-2.12.5.jar;C:\Users\Korisnik\.m2\repository\org\springframework\spring-context\6.2.6\spring-context-6.2.6.jar;C:\Users\Korisnik\.m2\repository\org\springframework\spring-expression\6.2.6\spring-expression-6.2.6.jar;C:\Users\Korisnik\.m2\repository\io\micrometer\micrometer-observation\1.14.6\micrometer-observation-1.14.6.jar;C:\Users\Korisnik\.m2\repository\io\micrometer\micrometer-commons\1.14.6\micrometer-commons-1.14.6.jar;C:\Users\Korisnik\.m2\repository\org\springframework\spring-jdbc\6.2.6\spring-jdbc-6.2.6.jar;C:\Users\Korisnik\.m2\repository\org\springframework\spring-tx\6.2.6\spring-tx-6.2.6.jar;C:\Users\Korisnik\.m2\repository\org\springframework\spring-orm\6.2.6\spring-orm-6.2.6.jar;C:\Users\Korisnik\.m2\repository\org\springframework\boot\spring-boot-autoconfigure\3.4.5\spring-boot-autoconfigure-3.4.5.jar;C:\Users\Korisnik\.m2\repository\org\apache\commons\commons-lang3\3.17.0\commons-lang3-3.17.0.jar;C:\Users\Korisnik\.m2\repository\com\fasterxml\uuid\java-uuid-generator\4.3.0\java-uuid-generator-4.3.0.jar;C:\Users\Korisnik\.m2\repository\com\sun\xml\bind\jaxb-impl\4.0.5\jaxb-impl-4.0.5.jar;C:\Users\Korisnik\.m2\repository\com\sun\xml\bind\jaxb-core\4.0.5\jaxb-core-4.0.5.jar;C:\Users\Korisnik\.m2\repository\org\eclipse\angus\angus-activation\2.0.2\angus-activation-2.0.2.jar;C:\Users\Korisnik\.m2\repository\org\camunda\bpm\springboot\camunda-bpm-spring-boot-starter-rest\7.23.0\camunda-bpm-spring-boot-starter-rest-7.23.0.jar;C:\Users\Korisnik\.m2\repository\org\camunda\bpm\camunda-engine-rest-core-jakarta\7.23.0\camunda-engine-rest-core-jakarta-7.23.0.jar;C:\Users\Korisnik\.m2\repository\commons-fileupload\commons-fileupload\1.5\commons-fileupload-1.5.jar;C:\Users\Korisnik\.m2\repository\commons-io\commons-io\2.17.0\commons-io-2.17.0.jar;C:\Users\Korisnik\.m2\repository\com\fasterxml\jackson\jakarta\rs\jackson-jakarta-rs-json-provider\2.18.3\jackson-jakarta-rs-json-provider-2.18.3.jar;C:\Users\Korisnik\.m2\repository\com\fasterxml\jackson\jakarta\rs\jackson-jakarta-rs-base\2.18.3\jackson-jakarta-rs-base-2.18.3.jar;C:\Users\Korisnik\.m2\repository\com\fasterxml\jackson\module\jackson-module-jakarta-xmlbind-annotations\2.18.3\jackson-module-jakarta-xmlbind-annotations-2.18.3.jar;C:\Users\Korisnik\.m2\repository\com\fasterxml\jackson\datatype\jackson-datatype-jsr310\2.18.3\jackson-datatype-jsr310-2.18.3.jar;C:\Users\Korisnik\.m2\repository\org\springframework\boot\spring-boot-starter-jersey\3.4.5\spring-boot-starter-jersey-3.4.5.jar;C:\Users\Korisnik\.m2\repository\org\springframework\boot\spring-boot-starter-validation\3.4.5\spring-boot-starter-validation-3.4.5.jar;C:\Users\Korisnik\.m2\repository\org\hibernate\validator\hibernate-validator\8.0.2.Final\hibernate-validator-8.0.2.Final.jar;C:\Users\Korisnik\.m2\repository\org\glassfish\jersey\containers\jersey-container-servlet-core\3.1.10\jersey-container-servlet-core-3.1.10.jar;C:\Users\Korisnik\.m2\repository\org\glassfish\jersey\core\jersey-common\3.1.10\jersey-common-3.1.10.jar;C:\Users\Korisnik\.m2\repository\org\glassfish\hk2\osgi-resource-locator\1.0.3\osgi-resource-locator-1.0.3.jar;C:\Users\Korisnik\.m2\repository\jakarta\ws\rs\jakarta.ws.rs-api\3.1.0\jakarta.ws.rs-api-3.1.0.jar;C:\Users\Korisnik\.m2\repository\org\glassfish\jersey\containers\jersey-container-servlet\3.1.10\jersey-container-servlet-3.1.10.jar;C:\Users\Korisnik\.m2\repository\org\glassfish\jersey\core\jersey-server\3.1.10\jersey-server-3.1.10.jar;C:\Users\Korisnik\.m2\repository\org\glassfish\jersey\core\jersey-client\3.1.10\jersey-client-3.1.10.jar;C:\Users\Korisnik\.m2\repository\jakarta\validation\jakarta.validation-api\3.0.2\jakarta.validation-api-3.0.2.jar;C:\Users\Korisnik\.m2\repository\org\glassfish\jersey\ext\jersey-bean-validation\3.1.10\jersey-bean-validation-3.1.10.jar;C:\Users\Korisnik\.m2\repository\org\glassfish\expressly\expressly\5.0.0\expressly-5.0.0.jar;C:\Users\Korisnik\.m2\repository\org\glassfish\jersey\ext\jersey-spring6\3.1.10\jersey-spring6-3.1.10.jar;C:\Users\Korisnik\.m2\repository\org\glassfish\jersey\inject\jersey-hk2\3.1.10\jersey-hk2-3.1.10.jar;C:\Users\Korisnik\.m2\repository\org\glassfish\hk2\hk2-locator\3.0.6\hk2-locator-3.0.6.jar;C:\Users\Korisnik\.m2\repository\org\glassfish\hk2\external\aopalliance-repackaged\3.0.6\aopalliance-repackaged-3.0.6.jar;C:\Users\Korisnik\.m2\repository\org\javassist\javassist\3.30.2-GA\javassist-3.30.2-GA.jar;C:\Users\Korisnik\.m2\repository\org\glassfish\hk2\hk2\3.0.6\hk2-3.0.6.jar;C:\Users\Korisnik\.m2\repository\org\glassfish\hk2\hk2-utils\3.0.6\hk2-utils-3.0.6.jar;C:\Users\Korisnik\.m2\repository\org\glassfish\hk2\hk2-api\3.0.6\hk2-api-3.0.6.jar;C:\Users\Korisnik\.m2\repository\org\glassfish\hk2\hk2-core\3.0.6\hk2-core-3.0.6.jar;C:\Users\Korisnik\.m2\repository\org\glassfish\hk2\hk2-runlevel\3.0.6\hk2-runlevel-3.0.6.jar;C:\Users\Korisnik\.m2\repository\org\glassfish\hk2\class-model\3.0.6\class-model-3.0.6.jar;C:\Users\Korisnik\.m2\repository\org\ow2\asm\asm-commons\9.6\asm-commons-9.6.jar;C:\Users\Korisnik\.m2\repository\org\glassfish\hk2\spring-bridge\3.0.6\spring-bridge-3.0.6.jar;C:\Users\Korisnik\.m2\repository\org\glassfish\jersey\media\jersey-media-json-jackson\3.1.10\jersey-media-json-jackson-3.1.10.jar;C:\Users\Korisnik\.m2\repository\org\glassfish\jersey\ext\jersey-entity-filtering\3.1.10\jersey-entity-filtering-3.1.10.jar;C:\Users\Korisnik\.m2\repository\io\jsonwebtoken\jjwt-api\0.12.5\jjwt-api-0.12.5.jar;C:\Users\Korisnik\.m2\repository\io\jsonwebtoken\jjwt-impl\0.12.5\jjwt-impl-0.12.5.jar;C:\Users\Korisnik\.m2\repository\io\jsonwebtoken\jjwt-jackson\0.12.5\jjwt-jackson-0.12.5.jar;C:\Users\Korisnik\.m2\repository\com\fasterxml\jackson\core\jackson-databind\2.18.3\jackson-databind-2.18.3.jar;C:\Users\Korisnik\.m2\repository\com\fasterxml\jackson\core\jackson-annotations\2.18.3\jackson-annotations-2.18.3.jar;C:\Users\Korisnik\.m2\repository\com\fasterxml\jackson\core\jackson-core\2.18.3\jackson-core-2.18.3.jar;C:\Users\Korisnik\.m2\repository\org\springframework\boot\spring-boot-starter-security\3.4.5\spring-boot-starter-security-3.4.5.jar;C:\Users\Korisnik\.m2\repository\org\springframework\spring-aop\6.2.6\spring-aop-6.2.6.jar;C:\Users\Korisnik\.m2\repository\org\springframework\security\spring-security-config\6.4.5\spring-security-config-6.4.5.jar;C:\Users\Korisnik\.m2\repository\org\springframework\security\spring-security-core\6.4.5\spring-security-core-6.4.5.jar;C:\Users\Korisnik\.m2\repository\org\springframework\security\spring-security-crypto\6.4.5\spring-security-crypto-6.4.5.jar;C:\Users\Korisnik\.m2\repository\org\springframework\security\spring-security-web\6.4.5\spring-security-web-6.4.5.jar;C:\Users\Korisnik\.m2\repository\org\springframework\boot\spring-boot-starter-web\3.4.5\spring-boot-starter-web-3.4.5.jar;C:\Users\Korisnik\.m2\repository\org\springframework\boot\spring-boot-starter-json\3.4.5\spring-boot-starter-json-3.4.5.jar;C:\Users\Korisnik\.m2\repository\com\fasterxml\jackson\datatype\jackson-datatype-jdk8\2.18.3\jackson-datatype-jdk8-2.18.3.jar;C:\Users\Korisnik\.m2\repository\com\fasterxml\jackson\module\jackson-module-parameter-names\2.18.3\jackson-module-parameter-names-2.18.3.jar;C:\Users\Korisnik\.m2\repository\org\springframework\boot\spring-boot-starter-tomcat\3.4.5\spring-boot-starter-tomcat-3.4.5.jar;C:\Users\Korisnik\.m2\repository\org\apache\tomcat\embed\tomcat-embed-core\10.1.40\tomcat-embed-core-10.1.40.jar;C:\Users\Korisnik\.m2\repository\org\apache\tomcat\embed\tomcat-embed-el\10.1.40\tomcat-embed-el-10.1.40.jar;C:\Users\Korisnik\.m2\repository\org\apache\tomcat\embed\tomcat-embed-websocket\10.1.40\tomcat-embed-websocket-10.1.40.jar;C:\Users\Korisnik\.m2\repository\org\springframework\spring-web\6.2.6\spring-web-6.2.6.jar;C:\Users\Korisnik\.m2\repository\org\springframework\spring-webmvc\6.2.6\spring-webmvc-6.2.6.jar;C:\Users\Korisnik\.m2\repository\org\projectlombok\lombok\1.18.38\lombok-1.18.38.jar;C:\Users\Korisnik\.m2\repository\org\springframework\boot\spring-boot-devtools\3.4.5\spring-boot-devtools-3.4.5.jar;C:\Users\Korisnik\.m2\repository\org\springframework\boot\spring-boot\3.4.5\spring-boot-3.4.5.jar;C:\Users\Korisnik\.m2\repository\org\postgresql\postgresql\42.7.5\postgresql-42.7.5.jar;C:\Users\Korisnik\.m2\repository\org\checkerframework\checker-qual\3.48.3\checker-qual-3.48.3.jar;C:\Users\Korisnik\.m2\repository\org\springframework\boot\spring-boot-starter-test\3.4.5\spring-boot-starter-test-3.4.5.jar;C:\Users\Korisnik\.m2\repository\org\springframework\boot\spring-boot-test\3.4.5\spring-boot-test-3.4.5.jar;C:\Users\Korisnik\.m2\repository\org\springframework\boot\spring-boot-test-autoconfigure\3.4.5\spring-boot-test-autoconfigure-3.4.5.jar;C:\Users\Korisnik\.m2\repository\jakarta\xml\bind\jakarta.xml.bind-api\4.0.2\jakarta.xml.bind-api-4.0.2.jar;C:\Users\Korisnik\.m2\repository\jakarta\activation\jakarta.activation-api\2.1.3\jakarta.activation-api-2.1.3.jar;C:\Users\Korisnik\.m2\repository\net\minidev\json-smart\2.5.2\json-smart-2.5.2.jar;C:\Users\Korisnik\.m2\repository\net\minidev\accessors-smart\2.5.2\accessors-smart-2.5.2.jar;C:\Users\Korisnik\.m2\repository\org\ow2\asm\asm\9.7.1\asm-9.7.1.jar;C:\Users\Korisnik\.m2\repository\org\assertj\assertj-core\3.26.3\assertj-core-3.26.3.jar;C:\Users\Korisnik\.m2\repository\org\awaitility\awaitility\4.2.2\awaitility-4.2.2.jar;C:\Users\Korisnik\.m2\repository\org\hamcrest\hamcrest\2.2\hamcrest-2.2.jar;C:\Users\Korisnik\.m2\repository\org\junit\jupiter\junit-jupiter\5.11.4\junit-jupiter-5.11.4.jar;C:\Users\Korisnik\.m2\repository\org\junit\jupiter\junit-jupiter-api\5.11.4\junit-jupiter-api-5.11.4.jar;C:\Users\Korisnik\.m2\repository\org\opentest4j\opentest4j\1.3.0\opentest4j-1.3.0.jar;C:\Users\Korisnik\.m2\repository\org\junit\platform\junit-platform-commons\1.11.4\junit-platform-commons-1.11.4.jar;C:\Users\Korisnik\.m2\repository\org\apiguardian\apiguardian-api\1.1.2\apiguardian-api-1.1.2.jar;C:\Users\Korisnik\.m2\repository\org\junit\jupiter\junit-jupiter-params\5.11.4\junit-jupiter-params-5.11.4.jar;C:\Users\Korisnik\.m2\repository\org\junit\jupiter\junit-jupiter-engine\5.11.4\junit-jupiter-engine-5.11.4.jar;C:\Users\Korisnik\.m2\repository\org\junit\platform\junit-platform-engine\1.11.4\junit-platform-engine-1.11.4.jar;C:\Users\Korisnik\.m2\repository\org\mockito\mockito-core\5.14.2\mockito-core-5.14.2.jar;C:\Users\Korisnik\.m2\repository\net\bytebuddy\byte-buddy-agent\1.15.11\byte-buddy-agent-1.15.11.jar;C:\Users\Korisnik\.m2\repository\org\objenesis\objenesis\3.3\objenesis-3.3.jar;C:\Users\Korisnik\.m2\repository\org\mockito\mockito-junit-jupiter\5.14.2\mockito-junit-jupiter-5.14.2.jar;C:\Users\Korisnik\.m2\repository\org\skyscreamer\jsonassert\1.5.3\jsonassert-1.5.3.jar;C:\Users\Korisnik\.m2\repository\com\vaadin\external\google\android-json\0.0.20131108.vaadin1\android-json-0.0.20131108.vaadin1.jar;C:\Users\Korisnik\.m2\repository\org\springframework\spring-core\6.2.6\spring-core-6.2.6.jar;C:\Users\Korisnik\.m2\repository\org\springframework\spring-jcl\6.2.6\spring-jcl-6.2.6.jar;C:\Users\Korisnik\.m2\repository\org\springframework\spring-test\6.2.6\spring-test-6.2.6.jar;C:\Users\Korisnik\.m2\repository\org\xmlunit\xmlunit-core\2.10.0\xmlunit-core-2.10.0.jar;C:\Users\Korisnik\.m2\repository\com\h2database\h2\2.3.232\h2-2.3.232.jar;C:\Users\Korisnik\.m2\repository\com\jayway\jsonpath\json-path\2.9.0\json-path-2.9.0.jar;C:\Users\Korisnik\.m2\repository\org\slf4j\slf4j-api\2.0.17\slf4j-api-2.0.17.jar;"/>
    <property name="sun.cpu.endian" value="little"/>
    <property name="user.home" value="C:\Users\Korisnik"/>
    <property name="user.language" value="hr"/>
    <property name="java.specification.vendor" value="Oracle Corporation"/>
    <property name="java.version.date" value="2025-01-21"/>
    <property name="java.home" value="C:\Program Files\Eclipse Adoptium\jdk-17.0.14.7-hotspot"/>
    <property name="file.separator" value="\"/>
    <property name="basedir" value="C:\Users\Korisnik\Desktop\FITNESSIFY\fitnessify-backend"/>
    <property name="java.vm.compressedOopsMode" value="Zero based"/>
    <property name="line.separator" value="&#10;"/>
    <property name="java.vm.specification.vendor" value="Oracle Corporation"/>
    <property name="java.specification.name" value="Java Platform API Specification"/>
    <property name="FILE_LOG_CHARSET" value="windows-1252"/>
    <property name="java.awt.headless" value="true"/>
    <property name="surefire.real.class.path" value="C:\Users\Korisnik\AppData\Local\Temp\surefire16432920435306920461\surefirebooter-20250615220740830_3.jar"/>
    <property name="user.script" value=""/>
    <property name="sun.management.compiler" value="HotSpot 64-Bit Tiered Compilers"/>
    <property name="java.runtime.version" value="17.0.14+7"/>
    <property name="user.name" value="Korisnik"/>
    <property name="path.separator" value=";"/>
    <property name="os.version" value="10.0"/>
    <property name="java.runtime.name" value="OpenJDK Runtime Environment"/>
    <property name="file.encoding" value="Cp1252"/>
    <property name="java.vm.name" value="OpenJDK 64-Bit Server VM"/>
    <property name="java.vendor.version" value="Temurin-17.0.14+7"/>
    <property name="localRepository" value="C:\Users\Korisnik\.m2\repository"/>
    <property name="java.vendor.url.bug" value="https://github.com/adoptium/adoptium-support/issues"/>
    <property name="java.io.tmpdir" value="C:\Users\Korisnik\AppData\Local\Temp\"/>
    <property name="com.zaxxer.hikari.pool_number" value="1"/>
    <property name="java.version" value="17.0.14"/>
    <property name="user.dir" value="C:\Users\Korisnik\Desktop\FITNESSIFY\fitnessify-backend"/>
    <property name="os.arch" value="amd64"/>
    <property name="java.vm.specification.name" value="Java Virtual Machine Specification"/>
    <property name="PID" value="12740"/>
    <property name="sun.os.patch.level" value=""/>
    <property name="CONSOLE_LOG_CHARSET" value="windows-1252"/>
    <property name="native.encoding" value="Cp1252"/>
    <property name="java.library.path" value="C:\Program Files\Eclipse Adoptium\jdk-17.0.14.7-hotspot\bin;C:\WINDOWS\Sun\Java\bin;C:\WINDOWS\system32;C:\WINDOWS;C:\Program Files\Eclipse Adoptium\jdk-17.0.14.7-hotspot\bin;C:\Program Files\Rockwell Software\RSCommon;C:\gurobi1003\win64\bin;C:\Users\Korisnik\AppData\Local\Programs\Python\Python310\Scripts\;C:\Users\Korisnik\AppData\Local\Programs\Python\Python310\;C:\WINDOWS\system32;C:\WINDOWS;C:\WINDOWS\System32\Wbem;C:\WINDOWS\System32\WindowsPowerShell\v1.0\;C:\WINDOWS\System32\OpenSSH\;C:\MinGW\bin\;C:\MinGW\bin\;C:\ProgramData\chocolatey\bin;C:\Program Files\MATLAB\R2022b\runtime\win64;C:\Program Files\MATLAB\R2022b\bin;C:\Program Files\PuTTY\;C:\Users\Korisnik\Desktop\xampp\php;C:\composer;C:\Program Files\Git\cmd;C:\Program Files (x86)\Common Files\Rockwell;C:\Program Files\Docker\Docker\resources\bin;C:\Program Files\Apache\Maven\apache-maven-3.9.9\bin;C:\Program Files\nodejs\;C:\Program Files\PostgreSQL\14\bin;C:\Program Files\PostgreSQL\17\bin;C:\Program Files\Eclipse Adoptium\jdk-17.0.14.7-hotspot\bin;C:\Program Files\MySQL\MySQL Shell 8.0\bin\;C:\Users\Korisnik\AppData\Local\Programs\MiKTeX\miktex\bin\x64\;C:\Users\Korisnik\AppData\Roaming\TinyTeX\bin\win32;C:\Users\Korisnik\AppData\Local\Programs\Python\Python311\Scripts\;C:\Users\Korisnik\AppData\Local\Programs\Python\Python311\;C:\WINDOWS\system32;C:\WINDOWS;C:\WINDOWS\System32\Wbem;C:\WINDOWS\System32\WindowsPowerShell\v1.0\;C:\WINDOWS\System32\OpenSSH\;C:\MinGW\bin\;C:\MinGW\bin\;C:\WINDOWS\system32;C:\WINDOWS;C:\WINDOWS\System32\Wbem;C:\WINDOWS\System32\WindowsPowerShell\v1.0\;C:\WINDOWS\System32\OpenSSH\;C:\MinGW\bin\;C:\MinGW\bin\;C:\WINDOWS\system32;C:\WINDOWS;C:\WINDOWS\System32\Wbem;C:\WINDOWS\System32\WindowsPowerShell\v1.0\;C:\WINDOWS\System32\OpenSSH\;C:\MinGW\bin\;C:\MinGW\bin\;C:\WINDOWS\system32;C:\WINDOWS;C:\WINDOWS\System32\Wbem;C:\WINDOWS\System32\WindowsPowerShell\v1.0\;C:\WINDOWS\System32\OpenSSH\;C:\Users\Korisnik\AppData\Local\Microsoft\WindowsApps;C:\MinGW\Bin;C:\MinGW\Bin;C:\MinGW\Bin;C:\MinGW\Bin;C:\Users\Korisnik\AppData\Local\Programs\visual\bin;C:\MinGW\bin;C:\texlive\2022\bin\win32;C:\Users\Korisnik\AppData\Roaming\Composer\vendor\bin;C:\xampp\php\windowsXamppPhp;C:\Program Files\Apache\Maven\apache-maven-3.9.9\bin;C:\Users\Korisnik\AppData\Roaming\npm;C:\Program Files\Eclipse Adoptium\jdk-17.0.14.7-hotspot\bin;C:\Program Files\PostgreSQL\14\bin;C:\Program Files\PostgreSQL\17\bin;;."/>
    <property name="java.vm.info" value="mixed mode, sharing"/>
    <property name="java.vendor" value="Eclipse Adoptium"/>
    <property name="java.vm.version" value="17.0.14+7"/>
    <property name="java.specification.maintenance.version" value="1"/>
    <property name="sun.io.unicode.encoding" value="UnicodeLittle"/>
    <property name="java.class.version" value="61.0"/>
    <property name="LOGGED_APPLICATION_NAME" value="[demo] "/>
  </properties>
  <testcase name="updateKorisnikAktivnost" classname="com.example.demo.controller.AktivnostControllerTest" time="0.826">
    <system-out><![CDATA[22:07:42.580 [main] INFO org.springframework.test.context.support.AnnotationConfigContextLoaderUtils -- Could not detect default configuration classes for test class [com.example.demo.controller.AktivnostControllerTest]: AktivnostControllerTest does not declare any static, non-private, non-final, nested classes annotated with @Configuration.
22:07:42.875 [main] INFO org.springframework.boot.test.context.SpringBootTestContextBootstrapper -- Found @SpringBootConfiguration com.example.demo.DemoApplication for test class com.example.demo.controller.AktivnostControllerTest
22:07:43.245 [main] INFO org.springframework.boot.devtools.restart.RestartApplicationListener -- Restart disabled due to context in which it is running

 ____                                 _         ____  _       _    __                      
/ ___| __ _ _ __ ___  _   _ _ __   __| | __ _  |  _ \| | __ _| |_ / _| ___  _ __ _ __ ___  
| |   / _` | '_ ` _ \| | | | '_ \ / _` |/ _` | | |_) | |/ _` | __| |_ / _ \| '__| '_ ` _ \ 
| |__| (_| | | | | | | |_| | | | | (_| | (_| | |  __/| | (_| | |_|  _| (_) | |  | | | | | |
\____/\__,_|_| |_| |_|\__,_|_| |_|\__,_|\__,_| |_|   |_|\__,_|\__|_|  \___/|_|  |_| |_| |_|

  Spring-Boot:  (v3.4.5)
  Camunda Platform: (v7.23.0)
  Camunda Platform Spring Boot Starter: (v7.23.0)

2025-06-15T22:07:43.786+02:00  INFO 12740 --- [demo] [           main] c.e.d.c.AktivnostControllerTest          : Starting AktivnostControllerTest using Java 17.0.14 with PID 12740 (started by Korisnik in C:\Users\Korisnik\Desktop\FITNESSIFY\fitnessify-backend)
2025-06-15T22:07:43.789+02:00  INFO 12740 --- [demo] [           main] c.e.d.c.AktivnostControllerTest          : No active profile set, falling back to 1 default profile: "default"
2025-06-15T22:07:45.899+02:00  INFO 12740 --- [demo] [           main] .s.d.r.c.RepositoryConfigurationDelegate : Bootstrapping Spring Data JPA repositories in DEFAULT mode.
2025-06-15T22:07:46.179+02:00  INFO 12740 --- [demo] [           main] .s.d.r.c.RepositoryConfigurationDelegate : Finished Spring Data repository scanning in 245 ms. Found 12 JPA repository interfaces.
2025-06-15T22:07:50.883+02:00  INFO 12740 --- [demo] [           main] o.hibernate.jpa.internal.util.LogHelper  : HHH000204: Processing PersistenceUnitInfo [name: default]
2025-06-15T22:07:51.086+02:00  INFO 12740 --- [demo] [           main] org.hibernate.Version                    : HHH000412: Hibernate ORM core version 6.6.13.Final
2025-06-15T22:07:51.242+02:00  INFO 12740 --- [demo] [           main] o.h.c.internal.RegionFactoryInitiator    : HHH000026: Second-level cache disabled
2025-06-15T22:07:51.734+02:00  INFO 12740 --- [demo] [           main] o.s.o.j.p.SpringPersistenceUnitInfo      : No LoadTimeWeaver setup: ignoring JPA class transformer
2025-06-15T22:07:51.855+02:00  INFO 12740 --- [demo] [           main] com.zaxxer.hikari.HikariDataSource       : HikariPool-1 - Starting...
2025-06-15T22:07:52.437+02:00  INFO 12740 --- [demo] [           main] com.zaxxer.hikari.pool.HikariPool        : HikariPool-1 - Added connection org.postgresql.jdbc.PgConnection@4c1b4e07
2025-06-15T22:07:52.444+02:00  INFO 12740 --- [demo] [           main] com.zaxxer.hikari.HikariDataSource       : HikariPool-1 - Start completed.
2025-06-15T22:07:52.694+02:00  INFO 12740 --- [demo] [           main] org.hibernate.orm.connections.pooling    : HHH10001005: Database info:
	Database JDBC URL [Connecting through datasource 'HikariDataSource (HikariPool-1)']
	Database driver: undefined/unknown
	Database version: 17.2
	Autocommit mode: undefined/unknown
	Isolation level: undefined/unknown
	Minimum pool size: undefined/unknown
	Maximum pool size: undefined/unknown
2025-06-15T22:07:54.103+02:00  WARN 12740 --- [demo] [           main] org.hibernate.mapping.RootClass          : HHH000038: Composite-id class does not override equals(): com.example.demo.model.UnosNamirnice$UnosNamirniceId
2025-06-15T22:07:54.104+02:00  WARN 12740 --- [demo] [           main] org.hibernate.mapping.RootClass          : HHH000039: Composite-id class does not override hashCode(): com.example.demo.model.UnosNamirnice$UnosNamirniceId
2025-06-15T22:07:56.299+02:00  INFO 12740 --- [demo] [           main] o.h.e.t.j.p.i.JtaPlatformInitiator       : HHH000489: No JTA platform available (set 'hibernate.transaction.jta.platform' to enable JTA platform integration)
2025-06-15T22:07:58.165+02:00  INFO 12740 --- [demo] [           main] j.LocalContainerEntityManagerFactoryBean : Initialized JPA EntityManagerFactory for persistence unit 'default'
2025-06-15T22:07:59.372+02:00  INFO 12740 --- [demo] [           main] o.s.d.j.r.query.QueryEnhancerFactory     : Hibernate is in classpath; If applicable, HQL parser will be used.
2025-06-15T22:08:01.678+02:00  WARN 12740 --- [demo] [           main] JpaBaseConfiguration$JpaWebConfiguration : spring.jpa.open-in-view is enabled by default. Therefore, database queries may be performed during view rendering. Explicitly configure spring.jpa.open-in-view to disable this warning
2025-06-15T22:08:03.211+02:00  INFO 12740 --- [demo] [           main] org.camunda.bpm.spring.boot              : STARTER-SB040 Setting up jobExecutor with corePoolSize=3, maxPoolSize:10
2025-06-15T22:08:03.448+02:00  INFO 12740 --- [demo] [           main] org.camunda.bpm.engine.cfg               : ENGINE-12003 Plugin 'CompositeProcessEnginePlugin[genericPropertiesConfiguration, camundaProcessEngineConfiguration, camundaDatasourceConfiguration, camundaJobConfiguration, camundaHistoryConfiguration, camundaMetricsConfiguration, camundaAuthorizationConfiguration, createAdminUserConfiguration, failedJobConfiguration, disableDeploymentResourcePattern, eventPublisherPlugin]' activated on process engine 'default'
2025-06-15T22:08:03.458+02:00  INFO 12740 --- [demo] [           main] org.camunda.bpm.spring.boot              : STARTER-SB020 ProcessApplication enabled: autoDeployment via springConfiguration#deploymentResourcePattern is disabled
2025-06-15T22:08:03.459+02:00  INFO 12740 --- [demo] [           main] o.c.b.s.b.s.event.EventPublisherPlugin   : EVENTING-001: Initialized Camunda Spring Boot Eventing Engine Plugin.
2025-06-15T22:08:03.460+02:00  INFO 12740 --- [demo] [           main] o.c.b.s.b.s.event.EventPublisherPlugin   : EVENTING-003: Task events will be published as Spring Events.
2025-06-15T22:08:03.460+02:00  INFO 12740 --- [demo] [           main] o.c.b.s.b.s.event.EventPublisherPlugin   : EVENTING-005: Execution events will be published as Spring Events.
2025-06-15T22:08:03.461+02:00  INFO 12740 --- [demo] [           main] o.c.b.s.b.s.event.EventPublisherPlugin   : EVENTING-009: Listeners will not be invoked if a skipCustomListeners API parameter is set to true by user.
2025-06-15T22:08:03.478+02:00  INFO 12740 --- [demo] [           main] o.c.b.s.b.s.event.EventPublisherPlugin   : EVENTING-007: History events will be published as Spring events.
2025-06-15T22:08:09.190+02:00  INFO 12740 --- [demo] [           main] org.camunda.bpm.engine                   : ENGINE-00001 Process Engine default created.
2025-06-15T22:08:09.438+02:00  INFO 12740 --- [demo] [           main] .c.b.s.b.s.r.CamundaJerseyResourceConfig : Configuring camunda rest api.
2025-06-15T22:08:09.517+02:00  INFO 12740 --- [demo] [           main] .c.b.s.b.s.r.CamundaJerseyResourceConfig : Finished configuring camunda rest api.
2025-06-15T22:08:10.494+02:00  INFO 12740 --- [demo] [           main] o.s.b.t.m.w.SpringBootMockServletContext : Initializing Spring TestDispatcherServlet ''
2025-06-15T22:08:10.495+02:00  INFO 12740 --- [demo] [           main] o.s.t.web.servlet.TestDispatcherServlet  : Initializing Servlet ''
2025-06-15T22:08:10.499+02:00  INFO 12740 --- [demo] [           main] o.s.t.web.servlet.TestDispatcherServlet  : Completed initialization in 4 ms
2025-06-15T22:08:10.767+02:00  INFO 12740 --- [demo] [           main] org.camunda.bpm.container                : ENGINE-08026 No processes.xml file found in process application 'demoApplication'
2025-06-15T22:08:10.776+02:00  INFO 12740 --- [demo] [           main] org.camunda.bpm.container                : ENGINE-08050 Process application demoApplication successfully deployed
2025-06-15T22:08:10.777+02:00  INFO 12740 --- [demo] [           main] c.e.d.c.AktivnostControllerTest          : Started AktivnostControllerTest in 27.56 seconds (process running for 29.689)
2025-06-15T22:08:10.787+02:00  INFO 12740 --- [demo] [           main] org.camunda.bpm.engine.jobexecutor       : ENGINE-14014 Starting up the JobExecutor[org.camunda.bpm.engine.spring.components.jobexecutor.SpringJobExecutor].
2025-06-15T22:08:10.790+02:00  INFO 12740 --- [demo] [ingJobExecutor]] org.camunda.bpm.engine.jobexecutor       : ENGINE-14018 JobExecutor[org.camunda.bpm.engine.spring.components.jobexecutor.SpringJobExecutor] starting to acquire jobs
]]></system-out>
  </testcase>
  <testcase name="getKorisnikAktivnostiZaDan" classname="com.example.demo.controller.AktivnostControllerTest" time="0.068"/>
  <testcase name="getAllAktivnosti" classname="com.example.demo.controller.AktivnostControllerTest" time="0.038"/>
  <testcase name="deleteKorisnikAktivnost" classname="com.example.demo.controller.AktivnostControllerTest" time="0.038"/>
  <testcase name="getSveAktivnostiKlijenta" classname="com.example.demo.controller.AktivnostControllerTest" time="0.02"/>
  <testcase name="addKorisnikAktivnost" classname="com.example.demo.controller.AktivnostControllerTest" time="0.018"/>
</testsuite>